<?xml version="1.0" encoding="UTF-8"?>
<testsuite xmlns:xsi="http://www.w3.org/2001/XMLSchema-instance" xsi:noNamespaceSchemaLocation="https://maven.apache.org/surefire/maven-surefire-plugin/xsd/surefire-test-report-3.0.xsd" version="3.0" name="tek.sdet.capstone.runner.TestRunner" time="9.903" tests="1" errors="0" skipped="0" failures="0">
  <properties>
[...]
</properties>
  <testcase name="Verify User can write a review on order placed" classname="Retail Order Page" time="8.964">
    <system-out><![CDATA[
@Review
Scenario: Verify User can write a review on order placed                                                        # features/RetailOrder.feature:32
{browser=chrome, headless=false, url=https://tek-retail-ui.azurewebsites.net/}
 INFO [main] (SignInSteps.java:26)- React App is equal to React App
  Given User is on retail website                                                                               # tek.sdet.capstone.steps.SignInSteps.userIsOnRetailWebsite()
 INFO [main] (SignInSteps.java:33)- User clicked on sign in option
  When User click on Sign in option                                                                             # tek.sdet.capstone.steps.SignInSteps.userClickOnSignInOption()
 INFO [main] (SignInSteps.java:41)- user entered email fakerson@foo.com and password Fake@1234512
  And User enter email 'fakerson@foo.com' and password 'Fake@1234512'                                           # tek.sdet.capstone.steps.SignInSteps.userEnterEmailAndPassword(java.lang.String,java.lang.String)
 INFO [main] (SignInSteps.java:48)- user clicked on login button
  And User click on login button                                                                                # tek.sdet.capstone.steps.SignInSteps.userClickOnLoginButton()
 INFO [main] (SignInSteps.java:55)- user logged in into account
  And User should be logged in into Account                                                                     # tek.sdet.capstone.steps.SignInSteps.userShouldBeLoggedInIntoAccount()
 INFO [main] (RetailOrderSteps.java:18)- Order link was clicked
  And User click on Orders section                                                                              # tek.sdet.capstone.steps.RetailOrderSteps.userClickOnOrdersSection()
 INFO [main] (RetailOrderSteps.java:78)- Review Button was clicked
  And User click on Review button                                                                               # tek.sdet.capstone.steps.RetailOrderSteps.userClickOnReviewButton()
 INFO [main] (RetailOrderSteps.java:85)- Head line and Review was added
  And User write Review headline 'This is the last Scenario' and 'Bakhshi Sahib I am DONE... Ohhhhh RRRAAAAAAA' # tek.sdet.capstone.steps.RetailOrderSteps.userWriteReviewHeadlineHeadlineValueAndReviewText(java.lang.String,java.lang.String)
 INFO [main] (RetailOrderSteps.java:91)- Add your review button was clicked
  And User click Add your Review button                                                                         # tek.sdet.capstone.steps.RetailOrderSteps.userClickAddYourReviewButton()
 INFO [main] (RetailOrderSteps.java:97)- Review Success message was displayed
  Then a review message should be displayed ‘Your review was added successfully’                                # tek.sdet.capstone.steps.RetailOrderSteps.aReviewMessageShouldBeDisplayedYourReviewWasAddedSuccessfully()
]]></system-out>
    <system-err><![CDATA[SLF4J: Failed to load class "org.slf4j.impl.StaticLoggerBinder".
SLF4J: Defaulting to no-operation (NOP) logger implementation
SLF4J: See http://www.slf4j.org/codes.html#StaticLoggerBinder for further details.
ERROR StatusLogger Log4j2 could not find a logging implementation. Please add log4j-core to the classpath. Using SimpleLogger to log to the console...
Starting ChromeDriver 107.0.5304.62 (1eec40d3a5764881c92085aaee66d25075c159aa-refs/branch-heads/5304@{#942}) on port 56673
Only local connections are allowed.
Please see https://chromedriver.chromium.org/security-considerations for suggestions on keeping ChromeDriver safe.
ChromeDriver was started successfully.
Nov 26, 2022 10:59:13 PM org.openqa.selenium.remote.ProtocolHandshake createSession
INFO: Detected upstream dialect: W3C
Nov 26, 2022 10:59:13 PM org.openqa.selenium.devtools.CdpVersionFinder findNearestMatch
WARNING: Unable to find an exact match for CDP version 107, so returning the closest version found: 104
Nov 26, 2022 10:59:13 PM org.openqa.selenium.devtools.CdpVersionFinder findNearestMatch
INFO: Found CDP implementation for version 107 of 104
]]></system-err>
  </testcase>
</testsuite>